{"/home/jim/Documents/experiments/back-end/knexts/knexfile.ts": {"path":"/home/jim/Documents/experiments/back-end/knexts/knexfile.ts","statementMap":{"0":{"start":{"line":1,"column":0},"end":{"line":1,"column":27}},"1":{"start":{"line":3,"column":0},"end":{"line":55,"column":2}}},"fnMap":{},"branchMap":{},"s":{"0":1,"1":1},"f":{},"b":{}}
,"/home/jim/Documents/experiments/back-end/knexts/src/data/dbConfig.ts": {"path":"/home/jim/Documents/experiments/back-end/knexts/src/data/dbConfig.ts","statementMap":{"0":{"start":{"line":1,"column":13},"end":{"line":1,"column":28}},"1":{"start":{"line":3,"column":15},"end":{"line":3,"column":40}},"2":{"start":{"line":5,"column":14},"end":{"line":5,"column":49}},"3":{"start":{"line":7,"column":11},"end":{"line":7,"column":30}},"4":{"start":{"line":9,"column":0},"end":{"line":9,"column":18}}},"fnMap":{},"branchMap":{"0":{"loc":{"start":{"line":5,"column":14},"end":{"line":5,"column":32}},"type":"binary-expr","locations":[{"start":{"line":5,"column":14},"end":{"line":5,"column":32}},{"start":{"line":5,"column":36},"end":{"line":5,"column":49}}]}},"s":{"0":1,"1":1,"2":1,"3":1,"4":1},"f":{},"b":{"0":[1,1]}}
,"/home/jim/Documents/experiments/back-end/knexts/src/data/migrations/20200623231507_users_table.ts": {"path":"/home/jim/Documents/experiments/back-end/knexts/src/data/migrations/20200623231507_users_table.ts","statementMap":{"0":{"start":{"line":4,"column":2},"end":{"line":9,"column":5}},"1":{"start":{"line":5,"column":4},"end":{"line":5,"column":21}},"2":{"start":{"line":6,"column":4},"end":{"line":6,"column":39}},"3":{"start":{"line":7,"column":4},"end":{"line":7,"column":36}},"4":{"start":{"line":8,"column":4},"end":{"line":8,"column":39}},"5":{"start":{"line":3,"column":0},"end":{"line":3,"column":22}},"6":{"start":{"line":13,"column":2},"end":{"line":13,"column":48}},"7":{"start":{"line":12,"column":0},"end":{"line":12,"column":22}}},"fnMap":{"0":{"name":"up","decl":{"start":{"line":3,"column":22},"end":{"line":3,"column":24}},"loc":{"start":{"line":3,"column":35},"end":{"line":10,"column":null}}},"1":{"name":"(anonymous_9)","decl":{"start":{"line":4,"column":42},"end":{"line":4,"column":43}},"loc":{"start":{"line":4,"column":50},"end":{"line":9,"column":3}}},"2":{"name":"down","decl":{"start":{"line":12,"column":22},"end":{"line":12,"column":26}},"loc":{"start":{"line":12,"column":37},"end":{"line":14,"column":null}}}},"branchMap":{},"s":{"0":1,"1":1,"2":1,"3":1,"4":1,"5":1,"6":1,"7":1},"f":{"0":1,"1":1,"2":1},"b":{}}
,"/home/jim/Documents/experiments/back-end/knexts/src/data/seeds/01_users.ts": {"path":"/home/jim/Documents/experiments/back-end/knexts/src/data/seeds/01_users.ts","statementMap":{"0":{"start":{"line":2,"column":0},"end":{"line":2,"column":28}},"1":{"start":{"line":6,"column":2},"end":{"line":18,"column":7}},"2":{"start":{"line":10,"column":6},"end":{"line":17,"column":9}},"3":{"start":{"line":4,"column":0},"end":{"line":4,"column":22}}},"fnMap":{"0":{"name":"seed","decl":{"start":{"line":4,"column":22},"end":{"line":4,"column":26}},"loc":{"start":{"line":4,"column":37},"end":{"line":19,"column":null}}},"1":{"name":"(anonymous_10)","decl":{"start":{"line":8,"column":10},"end":{"line":8,"column":null}},"loc":{"start":{"line":8,"column":10},"end":{"line":18,"column":6}}}},"branchMap":{},"s":{"0":1,"1":1,"2":1,"3":1},"f":{"0":1,"1":1},"b":{}}
,"/home/jim/Documents/experiments/back-end/knexts/src/resolvers/index.ts": {"path":"/home/jim/Documents/experiments/back-end/knexts/src/resolvers/index.ts","statementMap":{"0":{"start":{"line":1,"column":0},"end":{"line":1,"column":28}},"1":{"start":{"line":3,"column":18},"end":{"line":5,"column":2}},"2":{"start":{"line":7,"column":0},"end":{"line":7,"column":25}}},"fnMap":{},"branchMap":{},"s":{"0":1,"1":1,"2":1},"f":{},"b":{}}
,"/home/jim/Documents/experiments/back-end/knexts/src/resolvers/Query/Hello.ts": {"path":"/home/jim/Documents/experiments/back-end/knexts/src/resolvers/Query/Hello.ts","statementMap":{"0":{"start":{"line":5,"column":13},"end":{"line":6,"column":31}},"1":{"start":{"line":5,"column":60},"end":{"line":6,"column":31}},"2":{"start":{"line":6,"column":2},"end":{"line":6,"column":31}}},"fnMap":{"0":{"name":"(anonymous_7)","decl":{"start":{"line":5,"column":21},"end":{"line":5,"column":28}},"loc":{"start":{"line":5,"column":60},"end":{"line":6,"column":31}}},"1":{"name":"(anonymous_8)","decl":{"start":{"line":5,"column":60},"end":{"line":5,"column":null}},"loc":{"start":{"line":5,"column":60},"end":{"line":6,"column":31}}}},"branchMap":{"0":{"loc":{"start":{"line":6,"column":12},"end":{"line":6,"column":16}},"type":"binary-expr","locations":[{"start":{"line":6,"column":12},"end":{"line":6,"column":16}},{"start":{"line":6,"column":20},"end":{"line":6,"column":27}}]}},"s":{"0":1,"1":2,"2":2},"f":{"0":2,"1":2},"b":{"0":[2,1]}}
,"/home/jim/Documents/experiments/back-end/knexts/src/resolvers/Query/Users.ts": {"path":"/home/jim/Documents/experiments/back-end/knexts/src/resolvers/Query/Users.ts","statementMap":{"0":{"start":{"line":1,"column":0},"end":{"line":1,"column":37}},"1":{"start":{"line":3,"column":13},"end":{"line":3,"column":51}},"2":{"start":{"line":3,"column":32},"end":{"line":3,"column":51}},"3":{"start":{"line":3,"column":33},"end":{"line":3,"column":51}}},"fnMap":{"0":{"name":"(anonymous_8)","decl":{"start":{"line":3,"column":21},"end":{"line":3,"column":30}},"loc":{"start":{"line":3,"column":32},"end":{"line":3,"column":51}}},"1":{"name":"(anonymous_9)","decl":{"start":{"line":3,"column":32},"end":{"line":3,"column":33}},"loc":{"start":{"line":3,"column":32},"end":{"line":3,"column":51}}}},"branchMap":{},"s":{"0":1,"1":1,"2":1,"3":1},"f":{"0":1,"1":1},"b":{}}
,"/home/jim/Documents/experiments/back-end/knexts/src/resolvers/Query/index.ts": {"path":"/home/jim/Documents/experiments/back-end/knexts/src/resolvers/Query/index.ts","statementMap":{"0":{"start":{"line":1,"column":0},"end":{"line":1,"column":32}},"1":{"start":{"line":2,"column":0},"end":{"line":2,"column":32}},"2":{"start":{"line":4,"column":14},"end":{"line":7,"column":2}},"3":{"start":{"line":9,"column":0},"end":{"line":9,"column":21}}},"fnMap":{},"branchMap":{},"s":{"0":1,"1":1,"2":1,"3":1},"f":{},"b":{}}
,"/home/jim/Documents/experiments/back-end/knexts/src/schema/Query.ts": {"path":"/home/jim/Documents/experiments/back-end/knexts/src/schema/Query.ts","statementMap":{"0":{"start":{"line":1,"column":19},"end":{"line":6,"column":2}},"1":{"start":{"line":8,"column":0},"end":{"line":8,"column":26}}},"fnMap":{},"branchMap":{},"s":{"0":2,"1":2},"f":{},"b":{}}
,"/home/jim/Documents/experiments/back-end/knexts/src/schema/Table.ts": {"path":"/home/jim/Documents/experiments/back-end/knexts/src/schema/Table.ts","statementMap":{"0":{"start":{"line":1,"column":19},"end":{"line":7,"column":2}},"1":{"start":{"line":9,"column":0},"end":{"line":9,"column":26}}},"fnMap":{},"branchMap":{},"s":{"0":2,"1":2},"f":{},"b":{}}
,"/home/jim/Documents/experiments/back-end/knexts/src/schema/index.ts": {"path":"/home/jim/Documents/experiments/back-end/knexts/src/schema/index.ts","statementMap":{"0":{"start":{"line":1,"column":0},"end":{"line":1,"column":33}},"1":{"start":{"line":2,"column":0},"end":{"line":2,"column":33}},"2":{"start":{"line":4,"column":17},"end":{"line":7,"column":2}},"3":{"start":{"line":9,"column":0},"end":{"line":9,"column":24}}},"fnMap":{},"branchMap":{},"s":{"0":2,"1":2,"2":2,"3":2},"f":{},"b":{}}
}
